This is pdfTeX, Version 3.141592653-2.6-1.40.22 (TeX Live 2022/dev/Debian) (preloaded format=pdflatex 2024.8.13)  25 OCT 2024 16:32
entering extended mode
 restricted \write18 enabled.
 %&-line parsing enabled.
**main
(./main.tex
LaTeX2e <2021-11-15> patch level 1
L3 programming layer <2022-01-21>
(/usr/share/texlive/texmf-dist/tex/latex/base/report.cls
Document Class: report 2021/10/04 v1.4n Standard LaTeX document class
(/usr/share/texlive/texmf-dist/tex/latex/base/size12.clo
File: size12.clo 2021/10/04 v1.4n Standard LaTeX file (size option)
)
\c@part=\count185
\c@chapter=\count186
\c@section=\count187
\c@subsection=\count188
\c@subsubsection=\count189
\c@paragraph=\count190
\c@subparagraph=\count191
\c@figure=\count192
\c@table=\count193
\abovecaptionskip=\skip47
\belowcaptionskip=\skip48
\bibindent=\dimen138
)
(/usr/share/texlive/texmf-dist/tex/latex/listings/listings.sty
(/usr/share/texlive/texmf-dist/tex/latex/graphics/keyval.sty
Package: keyval 2014/10/28 v1.15 key=value parser (DPC)
\KV@toks@=\toks16
)
\lst@mode=\count194
\lst@gtempboxa=\box50
\lst@token=\toks17
\lst@length=\count195
\lst@currlwidth=\dimen139
\lst@column=\count196
\lst@pos=\count197
\lst@lostspace=\dimen140
\lst@width=\dimen141
\lst@newlines=\count198
\lst@lineno=\count199
\lst@maxwidth=\dimen142

(/usr/share/texlive/texmf-dist/tex/latex/listings/lstmisc.sty
File: lstmisc.sty 2020/03/24 1.8d (Carsten Heinz)
\c@lstnumber=\count266
\lst@skipnumbers=\count267
\lst@framebox=\box51
)
(/usr/share/texlive/texmf-dist/tex/latex/listings/listings.cfg
File: listings.cfg 2020/03/24 1.8d listings configuration
))
Package: listings 2020/03/24 1.8d (Carsten Heinz)

(/usr/share/texlive/texmf-dist/tex/latex/booktabs/booktabs.sty
Package: booktabs 2020/01/12 v1.61803398 Publication quality tables
\heavyrulewidth=\dimen143
\lightrulewidth=\dimen144
\cmidrulewidth=\dimen145
\belowrulesep=\dimen146
\belowbottomsep=\dimen147
\aboverulesep=\dimen148
\abovetopsep=\dimen149
\cmidrulesep=\dimen150
\cmidrulekern=\dimen151
\defaultaddspace=\dimen152
\@cmidla=\count268
\@cmidlb=\count269
\@aboverulesep=\dimen153
\@belowrulesep=\dimen154
\@thisruleclass=\count270
\@lastruleclass=\count271
\@thisrulewidth=\dimen155
)
(/usr/share/texlive/texmf-dist/tex/latex/tools/array.sty
Package: array 2021/10/04 v2.5f Tabular extension package (FMi)
\col@sep=\dimen156
\ar@mcellbox=\box52
\extrarowheight=\dimen157
\NC@list=\toks18
\extratabsurround=\skip49
\backup@length=\skip50
\ar@cellbox=\box53
)
(/usr/share/texlive/texmf-dist/tex/latex/siunitx/siunitx.sty
Package: siunitx 2022-02-02 v3.0.46 A comprehensive (SI) units package
\l__siunitx_angle_tmp_dim=\dimen158
\l__siunitx_angle_marker_box=\box54
\l__siunitx_angle_unit_box=\box55
\l__siunitx_compound_count_int=\count272

(/usr/share/texlive/texmf-dist/tex/latex/translations/translations.sty
Package: translations 2022/01/04 v1.11 internationalization of LaTeX2e packages
 (CN)

(/usr/share/texlive/texmf-dist/tex/latex/etoolbox/etoolbox.sty
Package: etoolbox 2020/10/05 v2.5k e-TeX tools for LaTeX (JAW)
\etb@tempcnta=\count273
)
(/usr/share/texlive/texmf-dist/tex/generic/pdftexcmds/pdftexcmds.sty
Package: pdftexcmds 2020-06-27 v0.33 Utility functions of pdfTeX for LuaTeX (HO
)

(/usr/share/texlive/texmf-dist/tex/generic/infwarerr/infwarerr.sty
Package: infwarerr 2019/12/03 v1.5 Providing info/warning/error messages (HO)
)
(/usr/share/texlive/texmf-dist/tex/generic/iftex/iftex.sty
Package: iftex 2020/03/06 v1.0d TeX engine tests
)
(/usr/share/texlive/texmf-dist/tex/generic/ltxcmds/ltxcmds.sty
Package: ltxcmds 2020-05-10 v1.25 LaTeX kernel commands for general use (HO)
)
Package pdftexcmds Info: \pdf@primitive is available.
Package pdftexcmds Info: \pdf@ifprimitive is available.
Package pdftexcmds Info: \pdfdraftmode found.
))
\l__siunitx_number_exponent_fixed_int=\count274
\l__siunitx_number_min_decimal_int=\count275
\l__siunitx_number_min_integer_int=\count276
\l__siunitx_number_round_precision_int=\count277
\l__siunitx_number_group_minimum_int=\count278

(/usr/share/texlive/texmf-dist/tex/latex/amsmath/amstext.sty
Package: amstext 2021/08/26 v2.01 AMS text

(/usr/share/texlive/texmf-dist/tex/latex/amsmath/amsgen.sty
File: amsgen.sty 1999/11/30 v2.0 generic functions
\@emptytoks=\toks19
\ex@=\dimen159
))
\l__siunitx_table_tmp_box=\box56
\l__siunitx_table_tmp_dim=\dimen160
\l__siunitx_table_column_width_dim=\dimen161
\l__siunitx_table_integer_box=\box57
\l__siunitx_table_decimal_box=\box58
\l__siunitx_table_before_box=\box59
\l__siunitx_table_after_box=\box60
\l__siunitx_table_before_dim=\dimen162
\l__siunitx_table_carry_dim=\dimen163
\l__siunitx_unit_tmp_int=\count279
\l__siunitx_unit_position_int=\count280
\l__siunitx_unit_total_int=\count281

(/usr/share/texlive/texmf-dist/tex/latex/l3packages/l3keys2e/l3keys2e.sty
(/usr/share/texlive/texmf-dist/tex/latex/l3kernel/expl3.sty
Package: expl3 2022-01-21 L3 programming layer (loader) 

(/usr/share/texlive/texmf-dist/tex/latex/l3backend/l3backend-pdftex.def
File: l3backend-pdftex.def 2022-01-12 L3 backend support: PDF output (pdfTeX)
\l__color_backend_stack_int=\count282
\l__pdf_internal_box=\box61
))
Package: l3keys2e 2022-01-12 LaTeX2e option processing using LaTeX3 keys
))
(/usr/share/texlive/texmf-dist/tex/latex/graphics/graphicx.sty
Package: graphicx 2021/09/16 v1.2d Enhanced LaTeX Graphics (DPC,SPQR)

(/usr/share/texlive/texmf-dist/tex/latex/graphics/graphics.sty
Package: graphics 2021/03/04 v1.4d Standard LaTeX Graphics (DPC,SPQR)

(/usr/share/texlive/texmf-dist/tex/latex/graphics/trig.sty
Package: trig 2021/08/11 v1.11 sin cos tan (DPC)
)
(/usr/share/texlive/texmf-dist/tex/latex/graphics-cfg/graphics.cfg
File: graphics.cfg 2016/06/04 v1.11 sample graphics configuration
)
Package graphics Info: Driver file: pdftex.def on input line 107.

(/usr/share/texlive/texmf-dist/tex/latex/graphics-def/pdftex.def
File: pdftex.def 2020/10/05 v1.2a Graphics/color driver for pdftex
))
\Gin@req@height=\dimen164
\Gin@req@width=\dimen165
)
(/usr/share/texlive/texmf-dist/tex/latex/amsmath/amsmath.sty
Package: amsmath 2021/10/15 v2.17l AMS math features
\@mathmargin=\skip51

For additional information on amsmath, use the `?' option.
(/usr/share/texlive/texmf-dist/tex/latex/amsmath/amsbsy.sty
Package: amsbsy 1999/11/29 v1.2d Bold Symbols
\pmbraise@=\dimen166
)
(/usr/share/texlive/texmf-dist/tex/latex/amsmath/amsopn.sty
Package: amsopn 2021/08/26 v2.02 operator names
)
\inf@bad=\count283
LaTeX Info: Redefining \frac on input line 234.
\uproot@=\count284
\leftroot@=\count285
LaTeX Info: Redefining \overline on input line 399.
\classnum@=\count286
\DOTSCASE@=\count287
LaTeX Info: Redefining \ldots on input line 496.
LaTeX Info: Redefining \dots on input line 499.
LaTeX Info: Redefining \cdots on input line 620.
\Mathstrutbox@=\box62
\strutbox@=\box63
\big@size=\dimen167
LaTeX Font Info:    Redeclaring font encoding OML on input line 743.
LaTeX Font Info:    Redeclaring font encoding OMS on input line 744.
\macc@depth=\count288
\c@MaxMatrixCols=\count289
\dotsspace@=\muskip16
\c@parentequation=\count290
\dspbrk@lvl=\count291
\tag@help=\toks20
\row@=\count292
\column@=\count293
\maxfields@=\count294
\andhelp@=\toks21
\eqnshift@=\dimen168
\alignsep@=\dimen169
\tagshift@=\dimen170
\tagwidth@=\dimen171
\totwidth@=\dimen172
\lineht@=\dimen173
\@envbody=\toks22
\multlinegap=\skip52
\multlinetaggap=\skip53
\mathdisplay@stack=\toks23
LaTeX Info: Redefining \[ on input line 2938.
LaTeX Info: Redefining \] on input line 2939.
)
(/usr/share/texlive/texmf-dist/tex/latex/amsfonts/amssymb.sty
Package: amssymb 2013/01/14 v3.01 AMS font symbols

(/usr/share/texlive/texmf-dist/tex/latex/amsfonts/amsfonts.sty
Package: amsfonts 2013/01/14 v3.01 Basic AMSFonts support
\symAMSa=\mathgroup4
\symAMSb=\mathgroup5
LaTeX Font Info:    Redeclaring math symbol \hbar on input line 98.
LaTeX Font Info:    Overwriting math alphabet `\mathfrak' in version `bold'
(Font)                  U/euf/m/n --> U/euf/b/n on input line 106.
))
(/usr/share/texlive/texmf-dist/tex/latex/base/textcomp.sty
Package: textcomp 2020/02/02 v2.0n Standard LaTeX package
)
(/usr/share/texlive/texmf-dist/tex/latex/was/gensymb.sty
Package: gensymb 2003/07/02 v1.0 (WaS)
)
(/usr/share/texlive/texmf-dist/tex/latex/hyperref/hyperref.sty
Package: hyperref 2021-06-07 v7.00m Hypertext links for LaTeX

(/usr/share/texlive/texmf-dist/tex/generic/kvsetkeys/kvsetkeys.sty
Package: kvsetkeys 2019/12/15 v1.18 Key value parser (HO)
)
(/usr/share/texlive/texmf-dist/tex/generic/kvdefinekeys/kvdefinekeys.sty
Package: kvdefinekeys 2019-12-19 v1.6 Define keys (HO)
)
(/usr/share/texlive/texmf-dist/tex/generic/pdfescape/pdfescape.sty
Package: pdfescape 2019/12/09 v1.15 Implements pdfTeX's escape features (HO)
)
(/usr/share/texlive/texmf-dist/tex/latex/hycolor/hycolor.sty
Package: hycolor 2020-01-27 v1.10 Color options for hyperref/bookmark (HO)
)
(/usr/share/texlive/texmf-dist/tex/latex/letltxmacro/letltxmacro.sty
Package: letltxmacro 2019/12/03 v1.6 Let assignment for LaTeX macros (HO)
)
(/usr/share/texlive/texmf-dist/tex/latex/auxhook/auxhook.sty
Package: auxhook 2019-12-17 v1.6 Hooks for auxiliary files (HO)
)
(/usr/share/texlive/texmf-dist/tex/latex/kvoptions/kvoptions.sty
Package: kvoptions 2020-10-07 v3.14 Key value format for package options (HO)
)
\@linkdim=\dimen174
\Hy@linkcounter=\count295
\Hy@pagecounter=\count296

(/usr/share/texlive/texmf-dist/tex/latex/hyperref/pd1enc.def
File: pd1enc.def 2021-06-07 v7.00m Hyperref: PDFDocEncoding definition (HO)
Now handling font encoding PD1 ...
... no UTF-8 mapping file for font encoding PD1
)
(/usr/share/texlive/texmf-dist/tex/latex/hyperref/hyperref-langpatches.def
File: hyperref-langpatches.def 2021-06-07 v7.00m Hyperref: patches for babel la
nguages
)
(/usr/share/texlive/texmf-dist/tex/generic/intcalc/intcalc.sty
Package: intcalc 2019/12/15 v1.3 Expandable calculations with integers (HO)
)
(/usr/share/texlive/texmf-dist/tex/generic/etexcmds/etexcmds.sty
Package: etexcmds 2019/12/15 v1.7 Avoid name clashes with e-TeX commands (HO)
)
\Hy@SavedSpaceFactor=\count297

(/usr/share/texlive/texmf-dist/tex/latex/hyperref/puenc.def
File: puenc.def 2021-06-07 v7.00m Hyperref: PDF Unicode definition (HO)
Now handling font encoding PU ...
... no UTF-8 mapping file for font encoding PU
)
Package hyperref Info: Hyper figures OFF on input line 4192.
Package hyperref Info: Link nesting OFF on input line 4197.
Package hyperref Info: Hyper index ON on input line 4200.
Package hyperref Info: Plain pages OFF on input line 4207.
Package hyperref Info: Backreferencing OFF on input line 4212.
Package hyperref Info: Implicit mode ON; LaTeX internals redefined.
Package hyperref Info: Bookmarks ON on input line 4445.
\c@Hy@tempcnt=\count298

(/usr/share/texlive/texmf-dist/tex/latex/url/url.sty
\Urlmuskip=\muskip17
Package: url 2013/09/16  ver 3.4  Verb mode for urls, etc.
)
LaTeX Info: Redefining \url on input line 4804.
\XeTeXLinkMargin=\dimen175

(/usr/share/texlive/texmf-dist/tex/generic/bitset/bitset.sty
Package: bitset 2019/12/09 v1.3 Handle bit-vector datatype (HO)

(/usr/share/texlive/texmf-dist/tex/generic/bigintcalc/bigintcalc.sty
Package: bigintcalc 2019/12/15 v1.5 Expandable calculations on big integers (HO
)
))
\Fld@menulength=\count299
\Field@Width=\dimen176
\Fld@charsize=\dimen177
Package hyperref Info: Hyper figures OFF on input line 6076.
Package hyperref Info: Link nesting OFF on input line 6081.
Package hyperref Info: Hyper index ON on input line 6084.
Package hyperref Info: backreferencing OFF on input line 6091.
Package hyperref Info: Link coloring OFF on input line 6096.
Package hyperref Info: Link coloring with OCG OFF on input line 6101.
Package hyperref Info: PDF/A mode OFF on input line 6106.
LaTeX Info: Redefining \ref on input line 6146.
LaTeX Info: Redefining \pageref on input line 6150.

(/usr/share/texlive/texmf-dist/tex/latex/base/atbegshi-ltx.sty
Package: atbegshi-ltx 2021/01/10 v1.0c Emulation of the original atbegshi
package with kernel methods
)
\Hy@abspage=\count300
\c@Item=\count301
\c@Hfootnote=\count302
)
Package hyperref Info: Driver (autodetected): hpdftex.

(/usr/share/texlive/texmf-dist/tex/latex/hyperref/hpdftex.def
File: hpdftex.def 2021-06-07 v7.00m Hyperref driver for pdfTeX

(/usr/share/texlive/texmf-dist/tex/latex/base/atveryend-ltx.sty
Package: atveryend-ltx 2020/08/19 v1.0a Emulation of the original atveryend pac
kage
with kernel methods
)
\Fld@listcount=\count303
\c@bookmark@seq@number=\count304

(/usr/share/texlive/texmf-dist/tex/latex/rerunfilecheck/rerunfilecheck.sty
Package: rerunfilecheck 2019/12/05 v1.9 Rerun checks for auxiliary files (HO)

(/usr/share/texlive/texmf-dist/tex/generic/uniquecounter/uniquecounter.sty
Package: uniquecounter 2019/12/15 v1.4 Provide unlimited unique counter (HO)
)
Package uniquecounter Info: New unique counter `rerunfilecheck' on input line 2
86.
)
\Hy@SectionHShift=\skip54
)
(/usr/share/texlive/texmf-dist/tex/latex/jknapltx/mathrsfs.sty
Package: mathrsfs 1996/01/01 Math RSFS package v1.0 (jk)
\symrsfs=\mathgroup6
)
(/usr/share/texlive/texmf-dist/tex/latex/multirow/multirow.sty
Package: multirow 2021/03/15 v2.8 Span multiple rows of a table
\multirow@colwidth=\skip55
\multirow@cntb=\count305
\multirow@dima=\skip56
\bigstrutjot=\dimen178
)
(/usr/share/texlive/texmf-dist/tex/latex/l3packages/xfrac/xfrac.sty
(/usr/share/texlive/texmf-dist/tex/latex/l3packages/xparse/xparse.sty
Package: xparse 2022-01-12 L3 Experimental document command parser
)
(/usr/share/texlive/texmf-dist/tex/latex/l3packages/xtemplate/xtemplate.sty
Package: xtemplate 2022-01-12 L3 Experimental prototype document functions
\l__xtemplate_tmp_dim=\dimen179
\l__xtemplate_tmp_int=\count306
\l__xtemplate_tmp_muskip=\muskip18
\l__xtemplate_tmp_skip=\skip57
)
Package: xfrac 2022-01-12 L3 Experimental split-level fractions
\l__xfrac_slash_box=\box64
\l__xfrac_tmp_box=\box65
\l__xfrac_denominator_bot_sep_dim=\dimen180
\l__xfrac_numerator_bot_sep_dim=\dimen181
\l__xfrac_numerator_top_sep_dim=\dimen182
\l__xfrac_slash_left_sep_dim=\dimen183
\l__xfrac_slash_right_sep_dim=\dimen184
\l__xfrac_slash_left_muskip=\muskip19
\l__xfrac_slash_right_muskip=\muskip20

Package xtemplate Info: Declaring object type 'xfrac' taking 3 argument(s) on
(xtemplate)             line 80.

)
(/usr/share/texlive/texmf-dist/tex/latex/float/float.sty
Package: float 2001/11/08 v1.3d Float enhancements (AL)
\c@float@type=\count307
\float@exts=\toks24
\float@box=\box66
\@float@everytoks=\toks25
\@floatcapt=\box67
)
(/usr/share/texlive/texmf-dist/tex/latex/mathtools/mathtools.sty
Package: mathtools 2021/02/02 v1.28 mathematical typesetting tools

(/usr/share/texlive/texmf-dist/tex/latex/tools/calc.sty
Package: calc 2017/05/25 v4.3 Infix arithmetic (KKT,FJ)
\calc@Acount=\count308
\calc@Bcount=\count309
\calc@Adimen=\dimen185
\calc@Bdimen=\dimen186
\calc@Askip=\skip58
\calc@Bskip=\skip59
LaTeX Info: Redefining \setlength on input line 80.
LaTeX Info: Redefining \addtolength on input line 81.
\calc@Ccount=\count310
\calc@Cskip=\skip60
)
(/usr/share/texlive/texmf-dist/tex/latex/mathtools/mhsetup.sty
Package: mhsetup 2021/03/18 v1.4 programming setup (MH)
)
\g_MT_multlinerow_int=\count311
\l_MT_multwidth_dim=\dimen187
\origjot=\skip61
\l_MT_shortvdotswithinadjustabove_dim=\dimen188
\l_MT_shortvdotswithinadjustbelow_dim=\dimen189
\l_MT_above_intertext_sep=\dimen190
\l_MT_below_intertext_sep=\dimen191
\l_MT_above_shortintertext_sep=\dimen192
\l_MT_below_shortintertext_sep=\dimen193
\xmathstrut@box=\box68
\xmathstrut@dim=\dimen194
)
(/usr/share/texlive/texmf-dist/tex/latex/comment/comment.sty
\CommentStream=\write3

Excluding comment 'comment')
(/usr/share/texlive/texmf-dist/tex/latex/tools/xspace.sty
Package: xspace 2014/10/28 v1.13 Space after command names (DPC,MH)
)
(/usr/share/texlive/texmf-dist/tex/latex/geometry/geometry.sty
Package: geometry 2020/01/02 v5.9 Page Geometry

(/usr/share/texlive/texmf-dist/tex/generic/iftex/ifvtex.sty
Package: ifvtex 2019/10/25 v1.7 ifvtex legacy package. Use iftex instead.
)
\Gm@cnth=\count312
\Gm@cntv=\count313
\c@Gm@tempcnt=\count314
\Gm@bindingoffset=\dimen195
\Gm@wd@mp=\dimen196
\Gm@odd@mp=\dimen197
\Gm@even@mp=\dimen198
\Gm@layoutwidth=\dimen199
\Gm@layoutheight=\dimen256
\Gm@layouthoffset=\dimen257
\Gm@layoutvoffset=\dimen258
\Gm@dimlist=\toks26
)
Package translations Info: No language package found. I am going to use `englis
h' as default language. on input line 41.
 (./main.aux
(./title.aux) (./publications.aux) (./abstract.aux) (./abstract-german.aux)
(./intro.aux) (./methodology.aux) (./paper-malleability/malleability.aux)
(./paper-metastability/metastability.aux)
(./paper-multistability/multistability.aux) (./conclusions.aux)
(./acknowledgments.aux))
\openout1 = `main.aux'.

LaTeX Font Info:    Checking defaults for OML/cmm/m/it on input line 41.
LaTeX Font Info:    ... okay on input line 41.
LaTeX Font Info:    Checking defaults for OMS/cmsy/m/n on input line 41.
LaTeX Font Info:    ... okay on input line 41.
LaTeX Font Info:    Checking defaults for OT1/cmr/m/n on input line 41.
LaTeX Font Info:    ... okay on input line 41.
LaTeX Font Info:    Checking defaults for T1/cmr/m/n on input line 41.
LaTeX Font Info:    ... okay on input line 41.
LaTeX Font Info:    Checking defaults for TS1/cmr/m/n on input line 41.
LaTeX Font Info:    ... okay on input line 41.
LaTeX Font Info:    Checking defaults for OMX/cmex/m/n on input line 41.
LaTeX Font Info:    ... okay on input line 41.
LaTeX Font Info:    Checking defaults for U/cmr/m/n on input line 41.
LaTeX Font Info:    ... okay on input line 41.
LaTeX Font Info:    Checking defaults for PD1/pdf/m/n on input line 41.
LaTeX Font Info:    ... okay on input line 41.
LaTeX Font Info:    Checking defaults for PU/pdf/m/n on input line 41.
LaTeX Font Info:    ... okay on input line 41.
\c@lstlisting=\count315

(/usr/share/texlive/texmf-dist/tex/latex/graphics/color.sty
Package: color 2021/12/07 v1.3c Standard LaTeX Color (DPC)

(/usr/share/texlive/texmf-dist/tex/latex/graphics-cfg/color.cfg
File: color.cfg 2016/01/02 v1.6 sample color configuration
)
Package color Info: Driver file: pdftex.def on input line 149.
)
(/usr/share/texlive/texmf-dist/tex/latex/translations/translations-basic-dictio
nary-english.trsl
File: translations-basic-dictionary-english.trsl (english translation file `tra
nslations-basic-dictionary')
)
Package translations Info: loading dictionary `translations-basic-dictionary' f
or `english'. on input line 41.

(/usr/share/texlive/texmf-dist/tex/context/base/mkii/supp-pdf.mkii
[Loading MPS to PDF converter (version 2006.09.02).]
\scratchcounter=\count316
\scratchdimen=\dimen259
\scratchbox=\box69
\nofMPsegments=\count317
\nofMParguments=\count318
\everyMPshowfont=\toks27
\MPscratchCnt=\count319
\MPscratchDim=\dimen260
\MPnumerator=\count320
\makeMPintoPDFobject=\count321
\everyMPtoPDFconversion=\toks28
) (/usr/share/texlive/texmf-dist/tex/latex/epstopdf-pkg/epstopdf-base.sty
Package: epstopdf-base 2020-01-24 v2.11 Base part for package epstopdf
Package epstopdf-base Info: Redefining graphics rule for `.eps' on input line 4
85.

(/usr/share/texlive/texmf-dist/tex/latex/latexconfig/epstopdf-sys.cfg
File: epstopdf-sys.cfg 2010/07/13 v1.3 Configuration of (r)epstopdf for TeX Liv
e
))
\symgns@font=\mathgroup7
LaTeX Font Info:    Overwriting symbol font `gns@font' in version `bold'
(Font)                  TS1/cmr/m/n --> TS1/cmr/b/n on input line 41.
Package gensymb Info: Math companion symbols declared on input line 41.
LaTeX Info: Redefining \degree on input line 41.
LaTeX Info: Redefining \celsius on input line 41.
Package gensymb Info: Using text companion symbols for \degree, \celsius and \p
erthousand on input line 41.
LaTeX Info: Redefining \ohm on input line 41.
Package gensymb Info: Using \textohm for \ohm on input line 41.
LaTeX Info: Redefining \micro on input line 41.
Package gensymb Info: Using \textmu for \micro on input line 41.
Package hyperref Info: Link coloring OFF on input line 41.

(/usr/share/texlive/texmf-dist/tex/latex/hyperref/nameref.sty
Package: nameref 2021-04-02 v2.47 Cross-referencing by name of section

(/usr/share/texlive/texmf-dist/tex/latex/refcount/refcount.sty
Package: refcount 2019/12/15 v3.6 Data extraction from label references (HO)
)
(/usr/share/texlive/texmf-dist/tex/generic/gettitlestring/gettitlestring.sty
Package: gettitlestring 2019/12/15 v1.6 Cleanup title references (HO)
)
\c@section@level=\count322
)
LaTeX Info: Redefining \ref on input line 41.
LaTeX Info: Redefining \pageref on input line 41.
LaTeX Info: Redefining \nameref on input line 41.

(./main.out) (./main.out)
\@outlinefile=\write4
\openout4 = `main.out'.


*geometry* driver: auto-detecting
*geometry* detected driver: pdftex
*geometry* verbose mode - [ preamble ] result:
* driver: pdftex
* paper: a4paper
* layout: <same size as paper>
* layoutoffset:(h,v)=(0.0pt,0.0pt)
* modes: twoside 
* h-part:(L,W,R)=(71.70166pt, 418.25368pt, 107.55254pt)
* v-part:(T,H,B)=(101.40665pt, 658.28194pt, 85.35826pt)
* \paperwidth=597.50787pt
* \paperheight=845.04684pt
* \textwidth=418.25368pt
* \textheight=658.28194pt
* \oddsidemargin=-0.56833pt
* \evensidemargin=35.28255pt
* \topmargin=-7.86334pt
* \headheight=12.0pt
* \headsep=25.0pt
* \topskip=12.0pt
* \footskip=30.0pt
* \marginparwidth=95.0pt
* \marginparsep=10.0pt
* \columnsep=10.0pt
* \skip\footins=10.8pt plus 4.0pt minus 2.0pt
* \hoffset=0.0pt
* \voffset=0.0pt
* \mag=1000
* \@twocolumnfalse
* \@twosidetrue
* \@mparswitchtrue
* \@reversemarginfalse
* (1in=72.27pt=25.4mm, 1cm=28.453pt)

\openout2 = `title.aux'.

(./title.tex
<title/uni-oldenburg-logo.png, id=196, 770.94023pt x 431.4519pt>
File: title/uni-oldenburg-logo.png Graphic file (type png)
<use title/uni-oldenburg-logo.png>
Package pdftex.def Info: title/uni-oldenburg-logo.png  used on input line 5.
(pdftex.def)             Requested size: 91.04872pt x 50.94907pt.
LaTeX Font Info:    Trying to load font information for U+msa on input line 6.
 (/usr/share/texlive/texmf-dist/tex/latex/amsfonts/umsa.fd
File: umsa.fd 2013/01/14 v3.01 AMS symbols A
)
LaTeX Font Info:    Trying to load font information for U+msb on input line 6.

(/usr/share/texlive/texmf-dist/tex/latex/amsfonts/umsb.fd
File: umsb.fd 2013/01/14 v3.01 AMS symbols B
)
LaTeX Font Info:    Trying to load font information for U+rsfs on input line 6.


(/usr/share/texlive/texmf-dist/tex/latex/jknapltx/ursfs.fd
File: ursfs.fd 1998/03/24 rsfs font definition file (jk)
)
<title/icbm-logo.png, id=198, 225.84375pt x 225.84375pt>
File: title/icbm-logo.png Graphic file (type png)
<use title/icbm-logo.png>
Package pdftex.def Info: title/icbm-logo.png  used on input line 10.
(pdftex.def)             Requested size: 71.13188pt x 71.13081pt.
 [1


{/var/lib/texmf/fonts/map/pdftex/updmap/pdftex.map} <./title/uni-oldenburg-logo
.png> <./title/icbm-logo.png>] [2]) (./main.toc [3



])
\tf@toc=\write5
\openout5 = `main.toc'.

 [4]
\openout2 = `publications.aux'.

 (./publications.tex
Overfull \hbox (3.75235pt too wide) in paragraph at lines 14--15
 []\OT1/cmr/bx/n/12 Chapter 4:[] $[]$\OT1/cmr/m/n/12 , Ev-er-ton S. Medeiros, P
e-ter Ash-win and Ul-rike Feudel.
 []

) [5

]
\openout2 = `abstract.aux'.

 (./abstract.tex) [6



]
\openout2 = `abstract-german.aux'.

 (./abstract-german.tex) [7



]
\openout2 = `intro.aux'.

 (./intro.tex
Chapter 1.
<intro/landscape.png, id=297, 2409.0pt x 2007.5pt>
File: intro/landscape.png Graphic file (type png)
<use intro/landscape.png>
Package pdftex.def Info: intro/landscape.png  used on input line 6.
(pdftex.def)             Requested size: 418.25368pt x 348.53026pt.

Underfull \vbox (badness 2884) has occurred while \output is active []

 [8




]
[9pdfTeX warning (ext4): destination with the same identifier (name{figure.1.1}
) has been already used, duplicate ignored
<argument> ...shipout:D \box_use:N \l_shipout_box 
                                                  \__shipout_drop_firstpage_...
l.14 
      <./intro/landscape.png>]
Underfull \vbox (badness 2096) has occurred while \output is active []

 [10]
Underfull \vbox (badness 2096) has occurred while \output is active []

 [11]
Underfull \vbox (badness 2096) has occurred while \output is active []

 [12]
Underfull \vbox (badness 2096) has occurred while \output is active []

 [13]
Underfull \vbox (badness 7081) has occurred while \output is active []

 [14])
[15]
\openout2 = `methodology.aux'.

 (./methodology.tex
Chapter 2.
[16




]
<methodology//equilibria-linear/hyperbolic-eq-2d.png, id=505, 2409.0pt x 2007.5
pt>
File: methodology//equilibria-linear/hyperbolic-eq-2d.png Graphic file (type pn
g)
<use methodology//equilibria-linear/hyperbolic-eq-2d.png>
Package pdftex.def Info: methodology//equilibria-linear/hyperbolic-eq-2d.png  u
sed on input line 49.
(pdftex.def)             Requested size: 418.25368pt x 348.53026pt.
 [17] [18pdfTeX warning (ext4): destination with the same identifier (name{figu
re.2.1}) has been already used, duplicate ignored
<argument> ...shipout:D \box_use:N \l_shipout_box 
                                                  \__shipout_drop_firstpage_...
l.60 \begin{align}
                   <./methodology//equilibria-linear/hyperbolic-eq-2d.png>]
<methodology//attractors-nonlinear/attractors-nonlinear.png, id=532, 4015.0pt x
 2007.5pt>
File: methodology//attractors-nonlinear/attractors-nonlinear.png Graphic file (
type png)
<use methodology//attractors-nonlinear/attractors-nonlinear.png>
Package pdftex.def Info: methodology//attractors-nonlinear/attractors-nonlinear
.png  used on input line 101.
(pdftex.def)             Requested size: 418.25368pt x 209.12428pt.

[19] [20pdfTeX warning (ext4): destination with the same identifier (name{figur
e.2.2}) has been already used, duplicate ignored
<argument> ...shipout:D \box_use:N \l_shipout_box 
                                                  \__shipout_drop_firstpage_...
l.125 
       <./methodology//attractors-nonlinear/attractors-nonlinear.png>]
Overfull \hbox (22.97897pt too wide) detected at line 149
[]
 []

[21] [22] [23]
<methodology//global-manifolds/global-manifolds.png, id=613, 415.01047pt x 297.
57173pt>
File: methodology//global-manifolds/global-manifolds.png Graphic file (type png
)
<use methodology//global-manifolds/global-manifolds.png>
Package pdftex.def Info: methodology//global-manifolds/global-manifolds.png  us
ed on input line 222.
(pdftex.def)             Requested size: 250.95476pt x 179.9429pt.

Underfull \vbox (badness 10000) has occurred while \output is active []

 [24pdfTeX warning (ext4): destination with the same identifier (name{figure.2.
3}) has been already used, duplicate ignored
<argument> ...shipout:D \box_use:N \l_shipout_box 
                                                  \__shipout_drop_firstpage_...
l.230 
       <./methodology//global-manifolds/global-manifolds.png>]
<methodology//duffing-bistability.png, id=625, 2131.965pt x 1705.37125pt>
File: methodology//duffing-bistability.png Graphic file (type png)
<use methodology//duffing-bistability.png>
Package pdftex.def Info: methodology//duffing-bistability.png  used on input li
ne 240.
(pdftex.def)             Requested size: 250.95476pt x 200.73244pt.
 [25pdfTeX warning (ext4): destination with the same identifier (name{figure.2.
4}) has been already used, duplicate ignored
<argument> ...shipout:D \box_use:N \l_shipout_box 
                                                  \__shipout_drop_firstpage_...
l.247 
       <./methodology//duffing-bistability.png>] [26]
<paper-multistability-george/overview_figure.png, id=648, 918.705pt x 197.538pt
>
File: paper-multistability-george/overview_figure.png Graphic file (type png)
<use paper-multistability-george/overview_figure.png>
Package pdftex.def Info: paper-multistability-george/overview_figure.png  used 
on input line 262.
(pdftex.def)             Requested size: 418.25368pt x 89.93117pt.

Underfull \vbox (badness 10000) has occurred while \output is active []

 [27pdfTeX warning (ext4): destination with the same identifier (name{figure.2.
5}) has been already used, duplicate ignored
<argument> ...shipout:D \box_use:N \l_shipout_box 
                                                  \__shipout_drop_firstpage_...
l.270 
       <./paper-multistability-george/overview_figure.png>] [28] [29]
<methodology/bifurcations/bifurcations.png, id=690, 3212.0pt x 3212.0pt>
File: methodology/bifurcations/bifurcations.png Graphic file (type png)
<use methodology/bifurcations/bifurcations.png>
Package pdftex.def Info: methodology/bifurcations/bifurcations.png  used on inp
ut line 318.
(pdftex.def)             Requested size: 418.25368pt x 418.2118pt.


LaTeX Warning: Float too large for page by 4.26318pt on input line 321.

[30] [31pdfTeX warning (ext4): destination with the same identifier (name{figur
e.2.6}) has been already used, duplicate ignored
<argument> ...shipout:D \box_use:N \l_shipout_box 
                                                  \__shipout_drop_firstpage_...
l.343 
       <./methodology/bifurcations/bifurcations.png>] [32]
<methodology/networks/wattsstrogatz.png, id=727, 2131.965pt x 888.31876pt>
File: methodology/networks/wattsstrogatz.png Graphic file (type png)
<use methodology/networks/wattsstrogatz.png>
Package pdftex.def Info: methodology/networks/wattsstrogatz.png  used on input 
line 376.
(pdftex.def)             Requested size: 418.25368pt x 174.27194pt.

Underfull \vbox (badness 1430) has occurred while \output is active []

 [33pdfTeX warning (ext4): destination with the same identifier (name{figure.2.
7}) has been already used, duplicate ignored
<argument> ...shipout:D \box_use:N \l_shipout_box 
                                                  \__shipout_drop_firstpage_...
l.388 \end{align}
                  <./methodology/networks/wattsstrogatz.png>] [34] [35]
[36]
<methodology//kuramoto/kuramoto-thesis-figure.png, id=786, 2131.965pt x 1895.08
pt>
File: methodology//kuramoto/kuramoto-thesis-figure.png Graphic file (type png)
<use methodology//kuramoto/kuramoto-thesis-figure.png>
Package pdftex.def Info: methodology//kuramoto/kuramoto-thesis-figure.png  used
 on input line 482.
(pdftex.def)             Requested size: 418.25368pt x 371.78015pt.
) [37] [38pdfTeX warning (ext4): destination with the same identifier (name{fig
ure.2.8}) has been already used, duplicate ignored
<argument> ...shipout:D \box_use:N \l_shipout_box 
                                                  \__shipout_drop_firstpage_...
l.53 \include{methodology}
                           %2 <./methodology//kuramoto/kuramoto-thesis-figure.p
ng>]
\openout2 = `paper-malleability/malleability.aux'.

 (./paper-malleability/malleability.tex
Chapter 3.

Underfull \vbox (badness 10000) has occurred while \output is active []

 [39




]
Underfull \vbox (badness 1014) has occurred while \output is active []

 [40]
<paper-malleability/figure1.png, id=863, 337.5009pt x 359.9046pt>
File: paper-malleability/figure1.png Graphic file (type png)
<use paper-malleability/figure1.png>
Package pdftex.def Info: paper-malleability/figure1.png  used on input line 31.

(pdftex.def)             Requested size: 376.42575pt x 401.40994pt.

[41]
Underfull \vbox (badness 10000) has occurred while \output is active []

 [42pdfTeX warning (ext4): destination with the same identifier (name{figure.3.
1}) has been already used, duplicate ignored
<argument> ...shipout:D \box_use:N \l_shipout_box 
                                                  \__shipout_drop_firstpage_...
l.52 
      <./paper-malleability/figure1.png>]
Overfull \hbox (1.95724pt too wide) in paragraph at lines 67--68
[]\OT1/cmr/m/n/12 Integration was per-formed us-ing the Tsi-touras 5/4 Runge-Ku
tta (Tsit5) method
 []

[43]
<paper-malleability/figure2.png, id=929, 473.51305pt x 275.63779pt>
File: paper-malleability/figure2.png Graphic file (type png)
<use paper-malleability/figure2.png>
Package pdftex.def Info: paper-malleability/figure2.png  used on input line 90.

(pdftex.def)             Requested size: 414.07343pt x 241.03946pt.
 [44]
Overfull \hbox (10.99603pt too wide) in paragraph at lines 102--103
[]\OT1/cmr/m/n/12 We study two classes of topol-ogy, Watts-Strogatz (WS, small-
world) and distance-
 []


Overfull \hbox (8.7131pt too wide) in paragraph at lines 104--105
[]\OT1/cmr/m/n/12 In Fig. []3.3[], thicker lines rep-re-sent an ``orig-i-nal" s
e-quence of fre-quen-cies $\OMS/cmsy/m/n/12 f\OML/cmm/m/it/12 !\OMS/cmsy/m/n/12
 g[]$\OT1/cmr/m/n/12 ,
 []

[45]
Underfull \vbox (badness 4168) has occurred while \output is active []

 [46pdfTeX warning (ext4): destination with the same identifier (name{figure.3.
2}) has been already used, duplicate ignored
<argument> ...shipout:D \box_use:N \l_shipout_box 
                                                  \__shipout_drop_firstpage_...
l.107 
       <./paper-malleability/figure2.png>]
Overfull \hbox (4.99887pt too wide) in paragraph at lines 111--112
\OT1/cmr/m/n/12 been rewired in the Watts-Strogatz net-works, and weights re-di
s-tributed for distance-
 []

[47]
<paper-malleability/figure3.png, id=975, 534.798pt x 273.03606pt>
File: paper-malleability/figure3.png Graphic file (type png)
<use paper-malleability/figure3.png>
Package pdftex.def Info: paper-malleability/figure3.png  used on input line 126
.
(pdftex.def)             Requested size: 414.07343pt x 211.40494pt.
<paper-malleability/figure4.png, id=984, 511.6716pt x 159.42763pt>
File: paper-malleability/figure4.png Graphic file (type png)
<use paper-malleability/figure4.png>
Package pdftex.def Info: paper-malleability/figure4.png  used on input line 141
.
(pdftex.def)             Requested size: 414.07343pt x 129.02133pt.
 [48]
Underfull \vbox (badness 10000) has occurred while \output is active []

 [49pdfTeX warning (ext4): destination with the same identifier (name{figure.3.
3}) has been already used, duplicate ignored
<argument> ...shipout:D \box_use:N \l_shipout_box 
                                                  \__shipout_drop_firstpage_...
l.148 
       <./paper-malleability/figure3.png>]
<paper-malleability/figure5.png, id=1004, 513.117pt x 177.20604pt>
File: paper-malleability/figure5.png Graphic file (type png)
<use paper-malleability/figure5.png>
Package pdftex.def Info: paper-malleability/figure5.png  used on input line 153
.
(pdftex.def)             Requested size: 414.07343pt x 143.00612pt.

Underfull \vbox (badness 1789) has occurred while \output is active []

 [50pdfTeX warning (ext4): destination with the same identifier (name{figure.3.
4}) has been already used, duplicate ignored
<argument> ...shipout:D \box_use:N \l_shipout_box 
                                                  \__shipout_drop_firstpage_...
l.159 
       <./paper-malleability/figure4.png>] [51pdfTeX warning (ext4): destinatio
n with the same identifier (name{figure.3.5}) has been already used, duplicate 
ignored
<argument> ...shipout:D \box_use:N \l_shipout_box 
                                                  \__shipout_drop_firstpage_...
l.163 \begin{align}
                    <./paper-malleability/figure5.png>]
<paper-malleability/figure6.png, id=1020, 397.34045pt x 195.56262pt>
File: paper-malleability/figure6.png Graphic file (type png)
<use paper-malleability/figure6.png>
Package pdftex.def Info: paper-malleability/figure6.png  used on input line 185
.
(pdftex.def)             Requested size: 397.33948pt x 195.56213pt.
 [52]
<paper-malleability/figure7.png, id=1032, 267.83263pt x 252.65591pt>
File: paper-malleability/figure7.png Graphic file (type png)
<use paper-malleability/figure7.png>
Package pdftex.def Info: paper-malleability/figure7.png  used on input line 199
.
(pdftex.def)             Requested size: 418.25368pt x 394.58112pt.

Underfull \vbox (badness 2512) has occurred while \output is active []

 [53pdfTeX warning (ext4): destination with the same identifier (name{figure.3.
6}) has been already used, duplicate ignored
<argument> ...shipout:D \box_use:N \l_shipout_box 
                                                  \__shipout_drop_firstpage_...
l.206 
       <./paper-malleability/figure6.png>]
Underfull \vbox (badness 10000) has occurred while \output is active []

 [54pdfTeX warning (ext4): destination with the same identifier (name{figure.3.
7}) has been already used, duplicate ignored
<argument> ...shipout:D \box_use:N \l_shipout_box 
                                                  \__shipout_drop_firstpage_...
l.209 
       <./paper-malleability/figure7.png>]
<paper-malleability/figure8.png, id=1049, 511.6716pt x 255.8358pt>
File: paper-malleability/figure8.png Graphic file (type png)
<use paper-malleability/figure8.png>
Package pdftex.def Info: paper-malleability/figure8.png  used on input line 216
.
(pdftex.def)             Requested size: 414.07343pt x 207.04239pt.
 [55] [56pdfTeX warning (ext4): destination with the same identifier (name{figu
re.3.8}) has been already used, duplicate ignored
<argument> ...shipout:D \box_use:N \l_shipout_box 
                                                  \__shipout_drop_firstpage_...
l.232 
       <./paper-malleability/figure8.png>] [57]
Underfull \vbox (badness 10000) has occurred while \output is active []

 [58]
[59] [60]) [61]
\openout2 = `paper-metastability/metastability.aux'.

 (./paper-metastability/metastability.tex
Chapter 4.
[62




] [63]
<paper-metastability/figures/observationsmetastability.png, id=1247, 510.37074p
t x 251.21053pt>
File: paper-metastability/figures/observationsmetastability.png Graphic file (t
ype png)
<use paper-metastability/figures/observationsmetastability.png>
Package pdftex.def Info: paper-metastability/figures/observationsmetastability.
png  used on input line 39.
(pdftex.def)             Requested size: 418.25368pt x 205.87895pt.

Overfull \hbox (2.35875pt too wide) in paragraph at lines 44--45
[]\OT1/cmr/m/n/12 As a first ex-am-ple, Fig. []4.1[]A shows time-series of elec
-troen-cephalog-ra-phy (EEG)
 []


Overfull \hbox (2.68362pt too wide) in paragraph at lines 44--45
\OT1/cmr/m/n/12 mea-sure-ments per-formed in rest-ing hu-mans with eyes closed 
(taken from Ref. [[]]).
 []

[64]
Overfull \hbox (1.70647pt too wide) in paragraph at lines 48--49
[]\OT1/cmr/m/n/12 Figure []4.1[]C shows se-quences of sus-tained fir-ing (sig-n
if-i-cant ac-tiv-ity, \OT1/cmr/bx/n/12 UP states\OT1/cmr/m/n/12 )
 []

[65pdfTeX warning (ext4): destination with the same identifier (name{figure.4.1
}) has been already used, duplicate ignored
<argument> ...shipout:D \box_use:N \l_shipout_box 
                                                  \__shipout_drop_firstpage_...
l.52 
      <./paper-metastability/figures/observationsmetastability.png>] [66]
<paper-metastability/figures/definitionsmetastability.png, id=1385, 511.81615pt
 x 232.42032pt>
File: paper-metastability/figures/definitionsmetastability.png Graphic file (ty
pe png)
<use paper-metastability/figures/definitionsmetastability.png>
Package pdftex.def Info: paper-metastability/figures/definitionsmetastability.p
ng  used on input line 77.
(pdftex.def)             Requested size: 418.25368pt x 189.93335pt.

[67] [68pdfTeX warning (ext4): destination with the same identifier (name{figur
e.4.2}) has been already used, duplicate ignored
<argument> ...shipout:D \box_use:N \l_shipout_box 
                                                  \__shipout_drop_firstpage_...
l.107 
       <./paper-metastability/figures/definitionsmetastability.png>] [69]
<paper-metastability/figures/double-well-stability-metastability.png, id=1460, 
318.43968pt x 120.0736pt>
File: paper-metastability/figures/double-well-stability-metastability.png Graph
ic file (type png)
<use paper-metastability/figures/double-well-stability-metastability.png>
Package pdftex.def Info: paper-metastability/figures/double-well-stability-meta
stability.png  used on input line 124.
(pdftex.def)             Requested size: 418.25368pt x 157.70976pt.

[70pdfTeX warning (ext4): destination with the same identifier (name{figure.4.3
}) has been already used, duplicate ignored
<argument> ...shipout:D \box_use:N \l_shipout_box 
                                                  \__shipout_drop_firstpage_...
l.134 
       <./paper-metastability/figures/double-well-stability-metastability.png>]
[71] [72]
<paper-metastability/figures/mechanismsmetastability.png, id=1540, 476.982pt x 
218.83356pt>
File: paper-metastability/figures/mechanismsmetastability.png Graphic file (typ
e png)
<use paper-metastability/figures/mechanismsmetastability.png>
Package pdftex.def Info: paper-metastability/figures/mechanismsmetastability.pn
g  used on input line 173.
(pdftex.def)             Requested size: 418.25368pt x 191.89293pt.

Underfull \vbox (badness 2096) has occurred while \output is active []

 [73]
[74pdfTeX warning (ext4): destination with the same identifier (name{figure.4.4
}) has been already used, duplicate ignored
<argument> ...shipout:D \box_use:N \l_shipout_box 
                                                  \__shipout_drop_firstpage_...
l.185 
       <./paper-metastability/figures/mechanismsmetastability.png>] [75]
Underfull \vbox (badness 2096) has occurred while \output is active []

 [76]
Overfull \hbox (2.07382pt too wide) in paragraph at lines 224--225
\OT1/cmr/bx/n/12 metasta-bil-ity \OT1/cmr/m/n/12 (Figs. []4.2[]H-H$[]$). These 
are char-ac-ter-ized by whether the metastable
 []

[77] [78] [79] [80] [81]) [82] [83]
\openout2 = `paper-multistability/multistability.aux'.

 (./paper-multistability/multistability.tex
Chapter 5.
) [84




]
\openout2 = `conclusions.aux'.

 (./conclusions.tex
Chapter 6.
[85




]
Underfull \vbox (badness 2096) has occurred while \output is active []

 [86]
Underfull \vbox (badness 2096) has occurred while \output is active []

 [87]
Underfull \vbox (badness 2096) has occurred while \output is active []

 [88]
Underfull \vbox (badness 7081) has occurred while \output is active []

 [89]
[90]) [91]
\openout2 = `acknowledgments.aux'.

 (./acknowledgments.tex) [92




] (./main.bbl
Underfull \hbox (badness 2460) in paragraph at lines 21--25
[]\OT1/cmr/m/n/12 Ronghui Zhu, Je-sus M. del Rio-Salgado, Jordi Garcia-Ojalvo, 
and
 []

[93



] [94] [95] [96] [97] [98] [99] [100] [101] [102] [103] [104] [105] [106]
[107] [108] [109] [110]
Underfull \hbox (badness 1412) in paragraph at lines 1384--1388
[]\OT1/cmr/m/n/12 Mathieu Desroches, John Guck-en-heimer, Bernd Krauskopf, Chri
s-tian
 []

[111]
Underfull \hbox (badness 1845) in paragraph at lines 1463--1468
[]\OT1/cmr/m/n/12 Thorsten Rings, Mah-mood Mazarei, Amin Akhshi, Chris-tian Gei
er,
 []

[112] [113]) [114] (./main.aux (./title.aux) (./publications.aux)
(./abstract.aux) (./abstract-german.aux) (./intro.aux) (./methodology.aux)
(./paper-malleability/malleability.aux)
(./paper-metastability/metastability.aux)
(./paper-multistability/multistability.aux) (./conclusions.aux)
(./acknowledgments.aux))

LaTeX Warning: Label(s) may have changed. Rerun to get cross-references right.

Package rerunfilecheck Info: File `main.out' has not changed.
(rerunfilecheck)             Checksum: 2AC2F27E2266FB9FD9DB899F4E9D62A0;10891.
 ) 
Here is how much of TeX's memory you used:
 17968 strings out of 478287
 348797 string characters out of 5849289
 631024 words of memory out of 5000000
 35266 multiletter control sequences out of 15000+600000
 487112 words of font info for 96 fonts, out of 8000000 for 9000
 1141 hyphenation exceptions out of 8191
 71i,12n,79p,2825b,890s stack positions out of 5000i,500n,10000p,200000b,80000s
{/usr/share/texmf/fonts/enc/dvips/cm-super/cm-super-ts1.enc}</usr/share/texli
ve/texmf-dist/fonts/type1/public/amsfonts/cm/cmbx12.pfb></usr/share/texlive/tex
mf-dist/fonts/type1/public/amsfonts/cm/cmbxti10.pfb></usr/share/texlive/texmf-d
ist/fonts/type1/public/amsfonts/cm/cmex10.pfb></usr/share/texlive/texmf-dist/fo
nts/type1/public/amsfonts/cm/cmmi10.pfb></usr/share/texlive/texmf-dist/fonts/ty
pe1/public/amsfonts/cm/cmmi12.pfb></usr/share/texlive/texmf-dist/fonts/type1/pu
blic/amsfonts/cm/cmmi6.pfb></usr/share/texlive/texmf-dist/fonts/type1/public/am
sfonts/cm/cmmi8.pfb></usr/share/texlive/texmf-dist/fonts/type1/public/amsfonts/
cm/cmr10.pfb></usr/share/texlive/texmf-dist/fonts/type1/public/amsfonts/cm/cmr1
2.pfb></usr/share/texlive/texmf-dist/fonts/type1/public/amsfonts/cm/cmr8.pfb></
usr/share/texlive/texmf-dist/fonts/type1/public/amsfonts/cm/cmsy10.pfb></usr/sh
are/texlive/texmf-dist/fonts/type1/public/amsfonts/cm/cmsy6.pfb></usr/share/tex
live/texmf-dist/fonts/type1/public/amsfonts/cm/cmsy8.pfb></usr/share/texlive/te
xmf-dist/fonts/type1/public/amsfonts/cm/cmti12.pfb></usr/share/texlive/texmf-di
st/fonts/type1/public/amsfonts/symbols/msam10.pfb></usr/share/texlive/texmf-dis
t/fonts/type1/public/amsfonts/symbols/msbm10.pfb></usr/share/texmf/fonts/type1/
public/cm-super/sfrm1200.pfb>
Output written on main.pdf (114 pages, 17642546 bytes).
PDF statistics:
 2219 PDF objects out of 2487 (max. 8388607)
 1987 compressed objects within 20 object streams
 553 named destinations out of 1000 (max. 500000)
 500 words of extra memory for PDF output out of 10000 (max. 10000000)

